# JRE version: Java(TM) SE Runtime Environment (23.0.2+7) (build 23.0.2+7-58)
# Java VM: Java HotSpot(TM) 64-Bit Server VM (23.0.2+7-58, mixed mode, sharing, tiered, compressed oops, compressed class ptrs, g1 gc, windows-amd64)
GC Precious Log:
 CardTable entry size: 512
 Card Set container configuration: InlinePtr #cards 5 size 8 Array Of Cards #cards 10 size 36 Howl #buckets 4 coarsen threshold 1843 Howl Bitmap #cards 512 size 80 coarsen threshold 460 Card regions per heap region 1 cards per card region 2048
 CPUs: 8 total, 8 available
 Memory: 7959M
 Large Page Support: Disabled
 NUMA Support: Disabled
 Compressed Oops: Enabled (32-bit)
 Heap Region Size: 1M
 Heap Min Capacity: 8M
 Heap Initial Capacity: 126M
 Heap Max Capacity: 1990M
 Pre-touch: Disabled
 Parallel Workers: 8
 Concurrent Workers: 2
 Concurrent Refinement Workers: 8
 Periodic GC: Disabled
Heap:
 garbage-first heap   total reserved 2037760K, committed 54272K, used 30964K [0x0000000083a00000, 0x0000000100000000)
  region size 1024K, 5 young (5120K), 2 survivors (2048K)
 Metaspace       used 60253K, committed 60800K, reserved 1114112K
  class space    used 8484K, committed 8704K, reserved 1048576K
GC Heap History (20 events):
Event: 5.381 GC heap before
{Heap before GC invocations=4 (full 0):
 garbage-first heap   total reserved 2037760K, committed 45056K, used 33924K [0x0000000083a00000, 0x0000000100000000)
  region size 1024K, 26 young (26624K), 5 survivors (5120K)
 Metaspace       used 24258K, committed 24576K, reserved 1114112K
  class space    used 3172K, committed 3328K, reserved 1048576K
}
Event: 5.400 GC heap after
{Heap after GC invocations=5 (full 0):
 garbage-first heap   total reserved 2037760K, committed 45056K, used 15308K [0x0000000083a00000, 0x0000000100000000)
  region size 1024K, 3 young (3072K), 3 survivors (3072K)
 Metaspace       used 24258K, committed 24576K, reserved 1114112K
  class space    used 3172K, committed 3328K, reserved 1048576K
}
Event: 6.372 GC heap before
{Heap before GC invocations=5 (full 0):
 garbage-first heap   total reserved 2037760K, committed 45056K, used 33740K [0x0000000083a00000, 0x0000000100000000)
  region size 1024K, 21 young (21504K), 3 survivors (3072K)
 Metaspace       used 26775K, committed 27200K, reserved 1114112K
  class space    used 3521K, committed 3712K, reserved 1048576K
}
Event: 6.393 GC heap after
{Heap after GC invocations=6 (full 0):
 garbage-first heap   total reserved 2037760K, committed 45056K, used 17157K [0x0000000083a00000, 0x0000000100000000)
  region size 1024K, 2 young (2048K), 2 survivors (2048K)
 Metaspace       used 26775K, committed 27200K, reserved 1114112K
  class space    used 3521K, committed 3712K, reserved 1048576K
}
Event: 7.464 GC heap before
{Heap before GC invocations=6 (full 0):
 garbage-first heap   total reserved 2037760K, committed 45056K, used 35589K [0x0000000083a00000, 0x0000000100000000)
  region size 1024K, 20 young (20480K), 2 survivors (2048K)
 Metaspace       used 29036K, committed 29440K, reserved 1114112K
  class space    used 3905K, committed 4096K, reserved 1048576K
}
Event: 7.478 GC heap after
{Heap after GC invocations=7 (full 0):
 garbage-first heap   total reserved 2037760K, committed 45056K, used 18721K [0x0000000083a00000, 0x0000000100000000)
  region size 1024K, 3 young (3072K), 3 survivors (3072K)
 Metaspace       used 29036K, committed 29440K, reserved 1114112K
  class space    used 3905K, committed 4096K, reserved 1048576K
}
Event: 8.454 GC heap before
{Heap before GC invocations=7 (full 0):
 garbage-first heap   total reserved 2037760K, committed 45056K, used 35105K [0x0000000083a00000, 0x0000000100000000)
  region size 1024K, 20 young (20480K), 3 survivors (3072K)
 Metaspace       used 34082K, committed 34496K, reserved 1114112K
  class space    used 4647K, committed 4800K, reserved 1048576K
}
Event: 8.471 GC heap after
{Heap after GC invocations=8 (full 0):
 garbage-first heap   total reserved 2037760K, committed 45056K, used 19762K [0x0000000083a00000, 0x0000000100000000)
  region size 1024K, 1 young (1024K), 1 survivors (1024K)
 Metaspace       used 34082K, committed 34496K, reserved 1114112K
  class space    used 4647K, committed 4800K, reserved 1048576K
}
Event: 8.827 GC heap before
{Heap before GC invocations=8 (full 0):
 garbage-first heap   total reserved 2037760K, committed 45056K, used 26930K [0x0000000083a00000, 0x0000000100000000)
  region size 1024K, 9 young (9216K), 1 survivors (1024K)
 Metaspace       used 35560K, committed 35968K, reserved 1114112K
  class space    used 4935K, committed 5120K, reserved 1048576K
}
Event: 8.835 GC heap after
{Heap after GC invocations=9 (full 0):
 garbage-first heap   total reserved 2037760K, committed 54272K, used 20031K [0x0000000083a00000, 0x0000000100000000)
  region size 1024K, 2 young (2048K), 2 survivors (2048K)
 Metaspace       used 35560K, committed 35968K, reserved 1114112K
  class space    used 4935K, committed 5120K, reserved 1048576K
}
Event: 10.201 GC heap before
{Heap before GC invocations=10 (full 0):
 garbage-first heap   total reserved 2037760K, committed 54272K, used 44607K [0x0000000083a00000, 0x0000000100000000)
  region size 1024K, 26 young (26624K), 2 survivors (2048K)
 Metaspace       used 42668K, committed 43072K, reserved 1114112K
  class space    used 5870K, committed 6080K, reserved 1048576K
}
Event: 10.212 GC heap after
{Heap after GC invocations=11 (full 0):
 garbage-first heap   total reserved 2037760K, committed 54272K, used 22800K [0x0000000083a00000, 0x0000000100000000)
  region size 1024K, 4 young (4096K), 4 survivors (4096K)
 Metaspace       used 42668K, committed 43072K, reserved 1114112K
  class space    used 5870K, committed 6080K, reserved 1048576K
}
Event: 11.264 GC heap before
{Heap before GC invocations=11 (full 0):
 garbage-first heap   total reserved 2037760K, committed 54272K, used 44304K [0x0000000083a00000, 0x0000000100000000)
  region size 1024K, 26 young (26624K), 4 survivors (4096K)
 Metaspace       used 49504K, committed 49920K, reserved 1114112K
  class space    used 6943K, committed 7168K, reserved 1048576K
}
Event: 11.282 GC heap after
{Heap after GC invocations=12 (full 0):
 garbage-first heap   total reserved 2037760K, committed 54272K, used 23411K [0x0000000083a00000, 0x0000000100000000)
  region size 1024K, 2 young (2048K), 2 survivors (2048K)
 Metaspace       used 49504K, committed 49920K, reserved 1114112K
  class space    used 6943K, committed 7168K, reserved 1048576K
}
Event: 12.425 GC heap before
{Heap before GC invocations=12 (full 0):
 garbage-first heap   total reserved 2037760K, committed 54272K, used 44915K [0x0000000083a00000, 0x0000000100000000)
  region size 1024K, 24 young (24576K), 2 survivors (2048K)
 Metaspace       used 55002K, committed 55488K, reserved 1114112K
  class space    used 7655K, committed 7872K, reserved 1048576K
}
Event: 12.438 GC heap after
{Heap after GC invocations=13 (full 0):
 garbage-first heap   total reserved 2037760K, committed 54272K, used 24736K [0x0000000083a00000, 0x0000000100000000)
  region size 1024K, 3 young (3072K), 3 survivors (3072K)
 Metaspace       used 55002K, committed 55488K, reserved 1114112K
  class space    used 7655K, committed 7872K, reserved 1048576K
}
Event: 13.589 GC heap before
{Heap before GC invocations=13 (full 0):
 garbage-first heap   total reserved 2037760K, committed 54272K, used 46240K [0x0000000083a00000, 0x0000000100000000)
  region size 1024K, 24 young (24576K), 3 survivors (3072K)
 Metaspace       used 57918K, committed 58368K, reserved 1114112K
  class space    used 8118K, committed 8320K, reserved 1048576K
}
Event: 13.609 GC heap after
{Heap after GC invocations=14 (full 0):
 garbage-first heap   total reserved 2037760K, committed 54272K, used 27346K [0x0000000083a00000, 0x0000000100000000)
  region size 1024K, 3 young (3072K), 3 survivors (3072K)
 Metaspace       used 57918K, committed 58368K, reserved 1114112K
  class space    used 8118K, committed 8320K, reserved 1048576K
}
Event: 14.314 GC heap before
{Heap before GC invocations=14 (full 0):
 garbage-first heap   total reserved 2037760K, committed 54272K, used 41682K [0x0000000083a00000, 0x0000000100000000)
  region size 1024K, 18 young (18432K), 3 survivors (3072K)
 Metaspace       used 59787K, committed 60288K, reserved 1114112K
  class space    used 8386K, committed 8640K, reserved 1048576K
}
Event: 14.330 GC heap after
{Heap after GC invocations=15 (full 0):
 garbage-first heap   total reserved 2037760K, committed 54272K, used 28916K [0x0000000083a00000, 0x0000000100000000)
  region size 1024K, 2 young (2048K), 2 survivors (2048K)
 Metaspace       used 59787K, committed 60288K, reserved 1114112K
  class space    used 8386K, committed 8640K, reserved 1048576K
}

